mobile app/build/app/intermediates/manifest_merge_blame_file/release/manifest-merger-blame-release-report.txt
1<?xml version="1.0" encoding="utf-8"?>
2<manifest xmlns:android="http://schemas.android.com/apk/res/android"
3    package="com.bms_asu.bms"
4    android:versionCode="1"
5    android:versionName="1.0.0" >
6
7    <uses-sdk
8        android:minSdkVersion="19"
8-->src/main/AndroidManifest.xml
9        android:targetSdkVersion="29" />
9-->src/main/AndroidManifest.xml
10
11    <uses-permission android:name="android.permission.INTERNET" />
11-->src/main/AndroidManifest.xml:3:5-66
11-->src/main/AndroidManifest.xml:3:22-64
12    <uses-permission android:name="android.permission.BLUETOOTH" />
12-->src/main/AndroidManifest.xml:4:5-68
12-->src/main/AndroidManifest.xml:4:22-65
13    <uses-permission android:name="android.permission.BLUETOOTH_ADMIN" />
13-->src/main/AndroidManifest.xml:5:5-74
13-->src/main/AndroidManifest.xml:5:22-71
14    <uses-permission android:name="android.permission.ACCESS_FINE_LOCATION_LOCATION" />
14-->src/main/AndroidManifest.xml:6:5-88
14-->src/main/AndroidManifest.xml:6:22-85
15    <uses-permission android:name="android.permission.ACCESS_COARSE_LOCATION" />
15-->src/main/AndroidManifest.xml:7:5-80
15-->src/main/AndroidManifest.xml:7:22-78
16    <uses-permission android:name="android.permission.ACCESS_NETWORK_STATE" />
16-->[:connectivity] AndroidManifest.xml:7:5-79
16-->[:connectivity] AndroidManifest.xml:7:22-76
17    <uses-permission android:name="android.permission.RECEIVE_BOOT_COMPLETED" />
17-->[:flutter_local_notifications] AndroidManifest.xml:7:5-81
17-->[:flutter_local_notifications] AndroidManifest.xml:7:22-78
18    <uses-permission android:name="android.permission.VIBRATE" />
18-->[:flutter_local_notifications] AndroidManifest.xml:8:5-66
18-->[:flutter_local_notifications] AndroidManifest.xml:8:22-63
19    <uses-permission android:name="android.permission.USE_FULL_SCREEN_INTENT" />
19-->[:flutter_local_notifications] AndroidManifest.xml:9:5-81
19-->[:flutter_local_notifications] AndroidManifest.xml:9:22-78
20    <uses-permission android:name="android.permission.ACCESS_FINE_LOCATION" />
20-->[:flutter_blue] AndroidManifest.xml:9:5-79
20-->[:flutter_blue] AndroidManifest.xml:9:22-76
21    <!--
22 io.flutter.app.FlutterApplication is an android.app.Application that
23         calls FlutterMain.startInitialization(this); in its onCreate method.
24         In most cases you can leave this as-is, but you if you want to provide
25         additional functionality it is fine to subclass or reimplement
26         FlutterApplication and put your custom class here.
27    -->
28    <application
28-->src/main/AndroidManifest.xml:13:5-51:19
29        android:name="io.flutter.app.FlutterApplication"
29-->src/main/AndroidManifest.xml:14:9-57
30        android:appComponentFactory="androidx.core.app.CoreComponentFactory"
30-->[androidx.core:core:1.3.0] AndroidManifest.xml:24:18-86
31        android:icon="@mipmap/ic_launcher"
31-->src/main/AndroidManifest.xml:16:9-43
32        android:label="BMS" >
32-->src/main/AndroidManifest.xml:15:9-28
33        <activity
33-->src/main/AndroidManifest.xml:17:9-45:20
34            android:name="com.bms_asu.bms.MainActivity"
34-->src/main/AndroidManifest.xml:18:13-41
35            android:configChanges="orientation|keyboardHidden|keyboard|screenSize|smallestScreenSize|locale|layoutDirection|fontScale|screenLayout|density|uiMode"
35-->src/main/AndroidManifest.xml:21:13-163
36            android:hardwareAccelerated="true"
36-->src/main/AndroidManifest.xml:22:13-47
37            android:launchMode="singleTop"
37-->src/main/AndroidManifest.xml:19:13-43
38            android:theme="@style/LaunchTheme"
38-->src/main/AndroidManifest.xml:20:13-47
39            android:windowSoftInputMode="adjustResize" >
39-->src/main/AndroidManifest.xml:23:13-55
40
41            <!--
42                 Specifies an Android theme to apply to this Activity as soon as
43                 the Android process has started. This theme is visible to the user
44                 while the Flutter UI initializes. After that, this theme continues
45                 to determine the Window background behind the Flutter UI.
46            -->
47            <meta-data
47-->src/main/AndroidManifest.xml:28:13-31:17
48                android:name="io.flutter.embedding.android.NormalTheme"
48-->src/main/AndroidManifest.xml:29:15-70
49                android:resource="@style/NormalTheme" />
49-->src/main/AndroidManifest.xml:30:15-52
50            <!--
51                 Displays an Android View that continues showing the launch screen
52                 Drawable until Flutter paints its first frame, then this splash
53                 screen fades out. A splash screen is useful to avoid any visual
54                 gap between the end of Android's launch screen and the painting of
55                 Flutter's first frame.
56            -->
57            <meta-data
57-->src/main/AndroidManifest.xml:37:13-40:17
58                android:name="io.flutter.embedding.android.SplashScreenDrawable"
58-->src/main/AndroidManifest.xml:38:15-79
59                android:resource="@drawable/launch_background" />
59-->src/main/AndroidManifest.xml:39:15-61
60
61            <intent-filter>
61-->src/main/AndroidManifest.xml:41:13-44:29
62                <action android:name="android.intent.action.MAIN" />
62-->src/main/AndroidManifest.xml:42:17-68
62-->src/main/AndroidManifest.xml:42:25-66
63
64                <category android:name="android.intent.category.LAUNCHER" />
64-->src/main/AndroidManifest.xml:43:17-76
64-->src/main/AndroidManifest.xml:43:27-74
65            </intent-filter>
66        </activity>
67        <!--
68             Don't delete the meta-data below.
69             This is used by the Flutter tool to generate GeneratedPluginRegistrant.java
70        -->
71        <meta-data
71-->src/main/AndroidManifest.xml:48:9-50:33
72            android:name="flutterEmbedding"
72-->src/main/AndroidManifest.xml:49:13-44
73            android:value="2" />
73-->src/main/AndroidManifest.xml:50:13-30
74
75        <receiver android:name="com.dexterous.flutterlocalnotifications.ScheduledNotificationReceiver" />
75-->[:flutter_local_notifications] AndroidManifest.xml:12:9-106
75-->[:flutter_local_notifications] AndroidManifest.xml:12:19-103
76        <receiver android:name="com.dexterous.flutterlocalnotifications.ScheduledNotificationBootReceiver" >
76-->[:flutter_local_notifications] AndroidManifest.xml:13:9-20:20
76-->[:flutter_local_notifications] AndroidManifest.xml:13:19-107
77            <intent-filter>
77-->[:flutter_local_notifications] AndroidManifest.xml:14:13-19:29
78                <action android:name="android.intent.action.BOOT_COMPLETED" />
78-->[:flutter_local_notifications] AndroidManifest.xml:15:17-79
78-->[:flutter_local_notifications] AndroidManifest.xml:15:25-76
79                <action android:name="android.intent.action.MY_PACKAGE_REPLACED" />
79-->[:flutter_local_notifications] AndroidManifest.xml:16:17-84
79-->[:flutter_local_notifications] AndroidManifest.xml:16:25-81
80                <action android:name="android.intent.action.QUICKBOOT_POWERON" />
80-->[:flutter_local_notifications] AndroidManifest.xml:17:17-82
80-->[:flutter_local_notifications] AndroidManifest.xml:17:25-79
81                <action android:name="com.htc.intent.action.QUICKBOOT_POWERON" />
81-->[:flutter_local_notifications] AndroidManifest.xml:18:17-82
81-->[:flutter_local_notifications] AndroidManifest.xml:18:25-79
82            </intent-filter>
83        </receiver>
84    </application>
85
86</manifest>